mode: set
cloudtrail-enrichment-api-golang/cmd/api/main.go:35.13,38.16 3 0
cloudtrail-enrichment-api-golang/cmd/api/main.go:38.16,41.3 2 0
cloudtrail-enrichment-api-golang/cmd/api/main.go:43.2,56.16 5 0
cloudtrail-enrichment-api-golang/cmd/api/main.go:56.16,59.3 2 0
cloudtrail-enrichment-api-golang/cmd/api/main.go:61.2,61.33 1 0
cloudtrail-enrichment-api-golang/cmd/api/main.go:61.33,64.3 2 0
cloudtrail-enrichment-api-golang/cmd/api/main.go:65.2,67.15 2 0
cloudtrail-enrichment-api-golang/cmd/api/main.go:67.15,68.36 1 0
cloudtrail-enrichment-api-golang/cmd/api/main.go:68.36,70.4 1 0
cloudtrail-enrichment-api-golang/cmd/api/main.go:73.2,76.16 3 0
cloudtrail-enrichment-api-golang/cmd/api/main.go:76.16,79.3 2 0
cloudtrail-enrichment-api-golang/cmd/api/main.go:82.2,82.15 1 0
cloudtrail-enrichment-api-golang/cmd/api/main.go:82.15,84.70 1 0
cloudtrail-enrichment-api-golang/cmd/api/main.go:84.70,86.4 1 0
cloudtrail-enrichment-api-golang/cmd/api/main.go:103.2,140.16 14 0
cloudtrail-enrichment-api-golang/cmd/api/main.go:140.16,143.3 2 0
cloudtrail-enrichment-api-golang/cmd/api/main.go:146.39,153.90 4 0
cloudtrail-enrichment-api-golang/cmd/api/main.go:153.90,160.3 3 0
cloudtrail-enrichment-api-golang/cmd/api/main.go:162.2,163.16 2 0
cloudtrail-enrichment-api-golang/cmd/api/main.go:163.16,165.3 1 0
cloudtrail-enrichment-api-golang/cmd/api/main.go:167.2,181.38 4 0
cloudtrail-enrichment-api-golang/cmd/api/routes.go:13.47,26.38 4 0
cloudtrail-enrichment-api-golang/cmd/api/routes.go:26.38,34.45 4 0
cloudtrail-enrichment-api-golang/cmd/api/routes.go:34.45,38.4 3 0
cloudtrail-enrichment-api-golang/cmd/api/routes.go:47.2,47.12 1 0
cloudtrail-enrichment-api-golang/cmd/api/routes.go:50.72,58.2 3 0
cloudtrail-enrichment-api-golang/cmd/api/routes.go:61.80,70.2 2 0
cloudtrail-enrichment-api-golang/internal/config/config.go:21.36,31.31 3 0
cloudtrail-enrichment-api-golang/internal/config/config.go:32.15,35.17 2 0
cloudtrail-enrichment-api-golang/internal/config/config.go:35.17,38.4 2 0
cloudtrail-enrichment-api-golang/internal/config/config.go:39.3,39.54 1 0
cloudtrail-enrichment-api-golang/internal/config/config.go:39.54,42.4 2 0
cloudtrail-enrichment-api-golang/internal/config/config.go:43.22,86.81 34 0
cloudtrail-enrichment-api-golang/internal/config/config.go:154.2,158.24 3 0
cloudtrail-enrichment-api-golang/internal/config/config.go:163.37,165.2 1 0
cloudtrail-enrichment-api-golang/internal/config/config.go:167.41,169.2 1 0
cloudtrail-enrichment-api-golang/internal/config/config.go:171.39,173.2 1 0
cloudtrail-enrichment-api-golang/internal/config/config.go:175.33,177.2 1 0
cloudtrail-enrichment-api-golang/cmd/api/controllers/auth_controller.go:19.64,23.2 1 1
cloudtrail-enrichment-api-golang/cmd/api/controllers/auth_controller.go:26.80,29.16 3 1
cloudtrail-enrichment-api-golang/cmd/api/controllers/auth_controller.go:29.16,33.3 3 1
cloudtrail-enrichment-api-golang/cmd/api/controllers/auth_controller.go:36.2,36.51 1 1
cloudtrail-enrichment-api-golang/cmd/api/controllers/auth_controller.go:36.51,40.3 3 0
cloudtrail-enrichment-api-golang/cmd/api/controllers/auth_controller.go:42.2,42.24 1 1
cloudtrail-enrichment-api-golang/cmd/api/controllers/auth_controller.go:42.24,44.3 1 0
cloudtrail-enrichment-api-golang/cmd/api/controllers/auth_controller.go:47.2,48.16 2 1
cloudtrail-enrichment-api-golang/cmd/api/controllers/auth_controller.go:48.16,52.3 3 0
cloudtrail-enrichment-api-golang/cmd/api/controllers/auth_controller.go:54.2,64.72 3 1
cloudtrail-enrichment-api-golang/cmd/api/controllers/auth_controller.go:68.84,71.16 3 1
cloudtrail-enrichment-api-golang/cmd/api/controllers/auth_controller.go:71.16,75.3 3 0
cloudtrail-enrichment-api-golang/cmd/api/controllers/auth_controller.go:77.2,77.51 1 1
cloudtrail-enrichment-api-golang/cmd/api/controllers/auth_controller.go:77.51,81.3 3 0
cloudtrail-enrichment-api-golang/cmd/api/controllers/auth_controller.go:84.2,85.16 2 1
cloudtrail-enrichment-api-golang/cmd/api/controllers/auth_controller.go:85.16,89.3 3 1
cloudtrail-enrichment-api-golang/cmd/api/controllers/auth_controller.go:91.2,103.92 3 1
cloudtrail-enrichment-api-golang/cmd/api/controllers/auth_controller.go:107.86,115.2 3 0
cloudtrail-enrichment-api-golang/cmd/api/controllers/enrichment_controller.go:17.88,21.2 1 1
cloudtrail-enrichment-api-golang/cmd/api/controllers/enrichment_controller.go:23.84,27.16 3 1
cloudtrail-enrichment-api-golang/cmd/api/controllers/enrichment_controller.go:27.16,31.3 3 1
cloudtrail-enrichment-api-golang/cmd/api/controllers/enrichment_controller.go:33.2,33.34 1 1
cloudtrail-enrichment-api-golang/cmd/api/controllers/enrichment_controller.go:33.34,37.3 3 0
cloudtrail-enrichment-api-golang/cmd/api/controllers/enrichment_controller.go:40.2,41.16 2 1
cloudtrail-enrichment-api-golang/cmd/api/controllers/enrichment_controller.go:41.16,46.3 3 0
cloudtrail-enrichment-api-golang/cmd/api/controllers/enrichment_controller.go:48.2,55.72 2 1
cloudtrail-enrichment-api-golang/cmd/api/controllers/enrichment_controller.go:55.72,57.3 1 0
cloudtrail-enrichment-api-golang/cmd/api/controllers/enrichment_controller.go:61.85,64.32 1 1
cloudtrail-enrichment-api-golang/cmd/api/controllers/enrichment_controller.go:64.32,68.3 3 0
cloudtrail-enrichment-api-golang/cmd/api/controllers/enrichment_controller.go:71.2,72.16 2 1
cloudtrail-enrichment-api-golang/cmd/api/controllers/enrichment_controller.go:72.16,76.3 3 1
cloudtrail-enrichment-api-golang/cmd/api/controllers/enrichment_controller.go:79.2,86.67 2 1
cloudtrail-enrichment-api-golang/cmd/api/controllers/enrichment_controller.go:86.67,88.3 1 0
cloudtrail-enrichment-api-golang/cmd/api/controllers/system_controller.go:12.46,14.2 1 1
cloudtrail-enrichment-api-golang/cmd/api/controllers/system_controller.go:16.81,29.2 3 1
cloudtrail-enrichment-api-golang/internal/config/config.go:21.36,31.31 3 0
cloudtrail-enrichment-api-golang/internal/config/config.go:32.15,35.17 2 0
cloudtrail-enrichment-api-golang/internal/config/config.go:35.17,38.4 2 0
cloudtrail-enrichment-api-golang/internal/config/config.go:39.3,39.54 1 0
cloudtrail-enrichment-api-golang/internal/config/config.go:39.54,42.4 2 0
cloudtrail-enrichment-api-golang/internal/config/config.go:43.22,86.81 34 0
cloudtrail-enrichment-api-golang/internal/config/config.go:154.2,158.24 3 0
cloudtrail-enrichment-api-golang/internal/config/config.go:163.37,165.2 1 0
cloudtrail-enrichment-api-golang/internal/config/config.go:167.41,169.2 1 0
cloudtrail-enrichment-api-golang/internal/config/config.go:171.39,173.2 1 0
cloudtrail-enrichment-api-golang/internal/config/config.go:175.33,177.2 1 0
cloudtrail-enrichment-api-golang/internal/pkg/logger/logger.go:20.13,24.2 3 1
cloudtrail-enrichment-api-golang/internal/pkg/scopes/get_scope.go:8.28,11.9 2 1
cloudtrail-enrichment-api-golang/internal/pkg/scopes/get_scope.go:12.40,13.17 1 1
cloudtrail-enrichment-api-golang/internal/pkg/scopes/get_scope.go:14.39,15.16 1 1
cloudtrail-enrichment-api-golang/internal/pkg/scopes/get_scope.go:16.39,17.16 1 1
cloudtrail-enrichment-api-golang/internal/pkg/scopes/get_scope.go:18.10,19.19 1 1
cloudtrail-enrichment-api-golang/internal/config/config.go:21.36,31.31 3 0
cloudtrail-enrichment-api-golang/internal/config/config.go:32.15,35.17 2 0
cloudtrail-enrichment-api-golang/internal/config/config.go:35.17,38.4 2 0
cloudtrail-enrichment-api-golang/internal/config/config.go:39.3,39.54 1 0
cloudtrail-enrichment-api-golang/internal/config/config.go:39.54,42.4 2 0
cloudtrail-enrichment-api-golang/internal/config/config.go:43.22,86.81 34 0
cloudtrail-enrichment-api-golang/internal/config/config.go:154.2,158.24 3 0
cloudtrail-enrichment-api-golang/internal/config/config.go:163.37,165.2 1 0
cloudtrail-enrichment-api-golang/internal/config/config.go:167.41,169.2 1 0
cloudtrail-enrichment-api-golang/internal/config/config.go:171.39,173.2 1 0
cloudtrail-enrichment-api-golang/internal/config/config.go:175.33,177.2 1 0
cloudtrail-enrichment-api-golang/internal/middleware/auth.go:20.96,25.2 1 1
cloudtrail-enrichment-api-golang/internal/middleware/auth.go:28.75,29.71 1 1
cloudtrail-enrichment-api-golang/internal/middleware/auth.go:29.71,34.17 3 1
cloudtrail-enrichment-api-golang/internal/middleware/auth.go:34.17,42.4 4 1
cloudtrail-enrichment-api-golang/internal/middleware/auth.go:46.3,47.17 2 1
cloudtrail-enrichment-api-golang/internal/middleware/auth.go:47.17,55.4 4 1
cloudtrail-enrichment-api-golang/internal/middleware/auth.go:59.3,60.40 2 1
cloudtrail-enrichment-api-golang/database/postgresql/auth.go:21.68,23.2 1 1
cloudtrail-enrichment-api-golang/database/postgresql/auth.go:26.91,32.16 5 1
cloudtrail-enrichment-api-golang/database/postgresql/auth.go:32.16,35.3 2 1
cloudtrail-enrichment-api-golang/database/postgresql/auth.go:36.2,37.12 2 1
cloudtrail-enrichment-api-golang/database/postgresql/auth.go:41.106,46.16 5 1
cloudtrail-enrichment-api-golang/database/postgresql/auth.go:46.16,47.27 1 1
cloudtrail-enrichment-api-golang/database/postgresql/auth.go:47.27,50.4 2 1
cloudtrail-enrichment-api-golang/database/postgresql/auth.go:51.3,52.72 2 0
cloudtrail-enrichment-api-golang/database/postgresql/auth.go:54.2,55.18 2 1
cloudtrail-enrichment-api-golang/database/postgresql/auth.go:59.104,64.16 5 1
cloudtrail-enrichment-api-golang/database/postgresql/auth.go:64.16,65.27 1 1
cloudtrail-enrichment-api-golang/database/postgresql/auth.go:65.27,68.4 2 1
cloudtrail-enrichment-api-golang/database/postgresql/auth.go:69.3,70.71 2 0
cloudtrail-enrichment-api-golang/database/postgresql/auth.go:72.2,73.18 2 1
cloudtrail-enrichment-api-golang/database/postgresql/auth.go:77.94,83.16 5 1
cloudtrail-enrichment-api-golang/database/postgresql/auth.go:83.16,86.3 2 1
cloudtrail-enrichment-api-golang/database/postgresql/auth.go:87.2,88.12 2 1
cloudtrail-enrichment-api-golang/database/postgresql/auth.go:92.116,97.16 5 1
cloudtrail-enrichment-api-golang/database/postgresql/auth.go:97.16,98.27 1 1
cloudtrail-enrichment-api-golang/database/postgresql/auth.go:98.27,101.4 2 1
cloudtrail-enrichment-api-golang/database/postgresql/auth.go:102.3,103.69 2 0
cloudtrail-enrichment-api-golang/database/postgresql/auth.go:105.2,106.19 2 1
cloudtrail-enrichment-api-golang/database/postgresql/auth.go:110.94,116.16 5 1
cloudtrail-enrichment-api-golang/database/postgresql/auth.go:116.16,119.3 2 1
cloudtrail-enrichment-api-golang/database/postgresql/auth.go:120.2,121.12 2 1
cloudtrail-enrichment-api-golang/database/postgresql/auth.go:125.114,130.16 5 1
cloudtrail-enrichment-api-golang/database/postgresql/auth.go:130.16,131.27 1 1
cloudtrail-enrichment-api-golang/database/postgresql/auth.go:131.27,134.4 2 1
cloudtrail-enrichment-api-golang/database/postgresql/auth.go:135.3,136.70 2 0
cloudtrail-enrichment-api-golang/database/postgresql/auth.go:138.2,139.19 2 1
cloudtrail-enrichment-api-golang/database/postgresql/auth.go:143.105,148.16 5 1
cloudtrail-enrichment-api-golang/database/postgresql/auth.go:148.16,149.27 1 1
cloudtrail-enrichment-api-golang/database/postgresql/auth.go:149.27,152.4 2 1
cloudtrail-enrichment-api-golang/database/postgresql/auth.go:153.3,154.69 2 0
cloudtrail-enrichment-api-golang/database/postgresql/auth.go:156.2,157.18 2 1
cloudtrail-enrichment-api-golang/internal/pkg/utils/utils.go:20.79,25.41 4 1
cloudtrail-enrichment-api-golang/internal/pkg/utils/utils.go:25.41,27.3 1 1
cloudtrail-enrichment-api-golang/internal/pkg/utils/utils.go:29.2,29.51 1 1
cloudtrail-enrichment-api-golang/internal/pkg/utils/utils.go:29.51,31.3 1 1
cloudtrail-enrichment-api-golang/internal/pkg/utils/utils.go:33.2,33.12 1 1
cloudtrail-enrichment-api-golang/internal/pkg/utils/utils.go:37.99,39.16 2 1
cloudtrail-enrichment-api-golang/internal/pkg/utils/utils.go:39.16,42.3 2 0
cloudtrail-enrichment-api-golang/internal/pkg/utils/utils.go:44.2,44.22 1 1
cloudtrail-enrichment-api-golang/internal/pkg/utils/utils.go:44.22,45.38 1 0
cloudtrail-enrichment-api-golang/internal/pkg/utils/utils.go:45.38,47.4 1 0
cloudtrail-enrichment-api-golang/internal/pkg/utils/utils.go:50.2,53.16 4 1
cloudtrail-enrichment-api-golang/internal/pkg/utils/utils.go:53.16,56.3 2 0
cloudtrail-enrichment-api-golang/internal/pkg/utils/utils.go:58.2,58.12 1 1
cloudtrail-enrichment-api-golang/internal/pkg/utils/utils.go:62.65,65.21 2 1
cloudtrail-enrichment-api-golang/internal/pkg/utils/utils.go:65.21,67.3 1 0
cloudtrail-enrichment-api-golang/internal/pkg/utils/utils.go:69.2,71.9 2 1
cloudtrail-enrichment-api-golang/internal/pkg/utils/utils.go:72.55,74.35 2 1
cloudtrail-enrichment-api-golang/internal/pkg/utils/utils.go:75.55,77.48 2 0
cloudtrail-enrichment-api-golang/internal/pkg/utils/utils.go:78.55,80.35 2 0
cloudtrail-enrichment-api-golang/internal/pkg/utils/utils.go:81.30,83.37 2 1
cloudtrail-enrichment-api-golang/internal/pkg/utils/utils.go:84.58,86.37 2 1
cloudtrail-enrichment-api-golang/internal/pkg/utils/utils.go:87.10,88.18 1 1
cloudtrail-enrichment-api-golang/internal/pkg/utils/utils.go:91.2,96.35 2 1
cloudtrail-enrichment-api-golang/internal/config/config.go:21.36,31.31 3 0
cloudtrail-enrichment-api-golang/internal/config/config.go:32.15,35.17 2 0
cloudtrail-enrichment-api-golang/internal/config/config.go:35.17,38.4 2 0
cloudtrail-enrichment-api-golang/internal/config/config.go:39.3,39.54 1 0
cloudtrail-enrichment-api-golang/internal/config/config.go:39.54,42.4 2 0
cloudtrail-enrichment-api-golang/internal/config/config.go:43.22,86.81 34 0
cloudtrail-enrichment-api-golang/internal/config/config.go:154.2,158.24 3 0
cloudtrail-enrichment-api-golang/internal/config/config.go:163.37,165.2 1 0
cloudtrail-enrichment-api-golang/internal/config/config.go:167.41,169.2 1 0
cloudtrail-enrichment-api-golang/internal/config/config.go:171.39,173.2 1 0
cloudtrail-enrichment-api-golang/internal/config/config.go:175.33,177.2 1 0
cloudtrail-enrichment-api-golang/internal/config/config.go:21.36,31.31 3 0
cloudtrail-enrichment-api-golang/internal/config/config.go:32.15,35.17 2 0
cloudtrail-enrichment-api-golang/internal/config/config.go:35.17,38.4 2 0
cloudtrail-enrichment-api-golang/internal/config/config.go:39.3,39.54 1 0
cloudtrail-enrichment-api-golang/internal/config/config.go:39.54,42.4 2 0
cloudtrail-enrichment-api-golang/internal/config/config.go:43.22,86.81 34 0
cloudtrail-enrichment-api-golang/internal/config/config.go:154.2,158.24 3 0
cloudtrail-enrichment-api-golang/internal/config/config.go:163.37,165.2 1 0
cloudtrail-enrichment-api-golang/internal/config/config.go:167.41,169.2 1 0
cloudtrail-enrichment-api-golang/internal/config/config.go:171.39,173.2 1 0
cloudtrail-enrichment-api-golang/internal/config/config.go:175.33,177.2 1 0
cloudtrail-enrichment-api-golang/internal/pkg/token/jwt.go:57.81,62.2 1 1
cloudtrail-enrichment-api-golang/internal/pkg/token/jwt.go:66.95,72.16 5 1
cloudtrail-enrichment-api-golang/internal/pkg/token/jwt.go:72.16,75.3 2 0
cloudtrail-enrichment-api-golang/internal/pkg/token/jwt.go:76.2,76.19 1 1
cloudtrail-enrichment-api-golang/internal/pkg/token/jwt.go:80.101,86.16 5 1
cloudtrail-enrichment-api-golang/internal/pkg/token/jwt.go:86.16,89.3 2 0
cloudtrail-enrichment-api-golang/internal/pkg/token/jwt.go:90.2,90.18 1 1
cloudtrail-enrichment-api-golang/internal/pkg/token/jwt.go:94.101,102.16 6 1
cloudtrail-enrichment-api-golang/internal/pkg/token/jwt.go:102.16,105.3 2 0
cloudtrail-enrichment-api-golang/internal/pkg/token/jwt.go:108.2,113.16 4 1
cloudtrail-enrichment-api-golang/internal/pkg/token/jwt.go:113.16,116.3 2 0
cloudtrail-enrichment-api-golang/internal/pkg/token/jwt.go:118.2,118.12 1 1
cloudtrail-enrichment-api-golang/internal/pkg/token/jwt.go:122.84,128.16 5 1
cloudtrail-enrichment-api-golang/internal/pkg/token/jwt.go:128.16,131.3 2 0
cloudtrail-enrichment-api-golang/internal/pkg/token/jwt.go:133.2,134.16 2 1
cloudtrail-enrichment-api-golang/internal/pkg/token/jwt.go:134.16,137.3 2 0
cloudtrail-enrichment-api-golang/internal/pkg/token/jwt.go:139.2,139.12 1 1
cloudtrail-enrichment-api-golang/internal/pkg/token/jwt.go:143.126,164.21 5 1
cloudtrail-enrichment-api-golang/internal/pkg/token/jwt.go:164.21,166.3 1 1
cloudtrail-enrichment-api-golang/internal/pkg/token/jwt.go:168.2,169.16 2 1
cloudtrail-enrichment-api-golang/internal/pkg/token/jwt.go:169.16,172.3 2 0
cloudtrail-enrichment-api-golang/internal/pkg/token/jwt.go:174.2,189.16 5 1
cloudtrail-enrichment-api-golang/internal/pkg/token/jwt.go:189.16,192.3 2 0
cloudtrail-enrichment-api-golang/internal/pkg/token/jwt.go:194.2,194.33 1 1
cloudtrail-enrichment-api-golang/internal/pkg/token/jwt.go:198.71,200.31 2 1
cloudtrail-enrichment-api-golang/internal/pkg/token/jwt.go:200.31,202.3 1 0
cloudtrail-enrichment-api-golang/internal/pkg/token/jwt.go:204.2,205.57 2 1
cloudtrail-enrichment-api-golang/internal/pkg/token/jwt.go:205.57,207.3 1 1
cloudtrail-enrichment-api-golang/internal/pkg/token/jwt.go:209.2,210.25 2 1
cloudtrail-enrichment-api-golang/internal/pkg/token/jwt.go:215.92,217.21 2 1
cloudtrail-enrichment-api-golang/internal/pkg/token/jwt.go:217.21,219.3 1 0
cloudtrail-enrichment-api-golang/internal/pkg/token/jwt.go:221.2,221.106 1 1
cloudtrail-enrichment-api-golang/internal/pkg/token/jwt.go:221.106,222.58 1 1
cloudtrail-enrichment-api-golang/internal/pkg/token/jwt.go:222.58,224.4 1 0
cloudtrail-enrichment-api-golang/internal/pkg/token/jwt.go:225.3,225.32 1 1
cloudtrail-enrichment-api-golang/internal/pkg/token/jwt.go:228.2,228.16 1 1
cloudtrail-enrichment-api-golang/internal/pkg/token/jwt.go:228.16,231.3 2 1
cloudtrail-enrichment-api-golang/internal/pkg/token/jwt.go:233.2,234.25 2 1
cloudtrail-enrichment-api-golang/internal/pkg/token/jwt.go:234.25,237.3 2 0
cloudtrail-enrichment-api-golang/internal/pkg/token/jwt.go:239.2,239.37 1 1
cloudtrail-enrichment-api-golang/internal/pkg/token/jwt.go:239.37,242.3 2 0
cloudtrail-enrichment-api-golang/internal/pkg/token/jwt.go:244.2,248.16 4 1
cloudtrail-enrichment-api-golang/internal/pkg/token/jwt.go:248.16,251.3 2 1
cloudtrail-enrichment-api-golang/internal/pkg/token/jwt.go:253.2,253.165 1 1
cloudtrail-enrichment-api-golang/internal/pkg/token/jwt.go:253.165,256.3 2 0
cloudtrail-enrichment-api-golang/internal/pkg/token/jwt.go:258.2,262.8 1 1
cloudtrail-enrichment-api-golang/internal/pkg/token/jwt.go:266.75,268.16 2 0
cloudtrail-enrichment-api-golang/internal/pkg/token/jwt.go:268.16,270.3 1 0
cloudtrail-enrichment-api-golang/internal/pkg/token/jwt.go:272.2,273.16 2 0
cloudtrail-enrichment-api-golang/internal/pkg/token/jwt.go:273.16,275.3 1 0
cloudtrail-enrichment-api-golang/internal/pkg/token/jwt.go:277.2,277.18 1 0
cloudtrail-enrichment-api-golang/internal/config/config.go:21.36,31.31 3 0
cloudtrail-enrichment-api-golang/internal/config/config.go:32.15,35.17 2 0
cloudtrail-enrichment-api-golang/internal/config/config.go:35.17,38.4 2 0
cloudtrail-enrichment-api-golang/internal/config/config.go:39.3,39.54 1 0
cloudtrail-enrichment-api-golang/internal/config/config.go:39.54,42.4 2 0
cloudtrail-enrichment-api-golang/internal/config/config.go:43.22,86.81 34 0
cloudtrail-enrichment-api-golang/internal/config/config.go:154.2,158.24 3 0
cloudtrail-enrichment-api-golang/internal/config/config.go:163.37,165.2 1 0
cloudtrail-enrichment-api-golang/internal/config/config.go:167.41,169.2 1 0
cloudtrail-enrichment-api-golang/internal/config/config.go:171.39,173.2 1 0
cloudtrail-enrichment-api-golang/internal/config/config.go:175.33,177.2 1 0
cloudtrail-enrichment-api-golang/internal/repository/auth_repository.go:25.45,27.2 1 1
cloudtrail-enrichment-api-golang/internal/repository/auth_repository.go:29.63,31.2 1 1
cloudtrail-enrichment-api-golang/internal/repository/auth_repository.go:33.78,35.2 1 1
cloudtrail-enrichment-api-golang/internal/repository/auth_repository.go:37.76,39.2 1 1
cloudtrail-enrichment-api-golang/internal/repository/auth_repository.go:42.66,44.2 1 1
cloudtrail-enrichment-api-golang/internal/repository/auth_repository.go:46.88,48.2 1 1
cloudtrail-enrichment-api-golang/internal/repository/auth_repository.go:50.66,52.2 1 1
cloudtrail-enrichment-api-golang/internal/repository/auth_repository.go:54.86,56.2 1 1
cloudtrail-enrichment-api-golang/internal/repository/auth_repository.go:58.77,60.2 1 1
cloudtrail-enrichment-api-golang/internal/repository/enrichment_repository.go:17.57,19.2 1 1
cloudtrail-enrichment-api-golang/internal/repository/enrichment_repository.go:22.76,24.2 1 1
cloudtrail-enrichment-api-golang/internal/repository/enrichment_repository.go:28.80,30.2 1 1
cloudtrail-enrichment-api-golang/internal/config/config.go:21.36,31.31 3 0
cloudtrail-enrichment-api-golang/internal/config/config.go:32.15,35.17 2 0
cloudtrail-enrichment-api-golang/internal/config/config.go:35.17,38.4 2 0
cloudtrail-enrichment-api-golang/internal/config/config.go:39.3,39.54 1 0
cloudtrail-enrichment-api-golang/internal/config/config.go:39.54,42.4 2 0
cloudtrail-enrichment-api-golang/internal/config/config.go:43.22,86.81 34 0
cloudtrail-enrichment-api-golang/internal/config/config.go:154.2,158.24 3 0
cloudtrail-enrichment-api-golang/internal/config/config.go:163.37,165.2 1 0
cloudtrail-enrichment-api-golang/internal/config/config.go:167.41,169.2 1 0
cloudtrail-enrichment-api-golang/internal/config/config.go:171.39,173.2 1 0
cloudtrail-enrichment-api-golang/internal/config/config.go:175.33,177.2 1 0
cloudtrail-enrichment-api-golang/services/auth_service.go:33.103,38.2 1 1
cloudtrail-enrichment-api-golang/services/auth_service.go:41.119,44.16 2 1
cloudtrail-enrichment-api-golang/services/auth_service.go:44.16,47.3 2 0
cloudtrail-enrichment-api-golang/services/auth_service.go:48.2,48.40 1 1
cloudtrail-enrichment-api-golang/services/auth_service.go:48.40,51.3 2 0
cloudtrail-enrichment-api-golang/services/auth_service.go:54.2,55.16 2 1
cloudtrail-enrichment-api-golang/services/auth_service.go:55.16,58.3 2 0
cloudtrail-enrichment-api-golang/services/auth_service.go:60.2,68.16 3 1
cloudtrail-enrichment-api-golang/services/auth_service.go:68.16,71.3 2 0
cloudtrail-enrichment-api-golang/services/auth_service.go:73.2,74.21 2 1
cloudtrail-enrichment-api-golang/services/auth_service.go:79.131,81.16 2 1
cloudtrail-enrichment-api-golang/services/auth_service.go:81.16,82.27 1 0
cloudtrail-enrichment-api-golang/services/auth_service.go:82.27,85.4 2 0
cloudtrail-enrichment-api-golang/services/auth_service.go:86.3,87.62 2 0
cloudtrail-enrichment-api-golang/services/auth_service.go:91.2,92.16 2 1
cloudtrail-enrichment-api-golang/services/auth_service.go:92.16,95.3 2 1
cloudtrail-enrichment-api-golang/services/auth_service.go:100.2,101.16 2 1
cloudtrail-enrichment-api-golang/services/auth_service.go:101.16,104.3 2 0
cloudtrail-enrichment-api-golang/services/auth_service.go:107.2,116.27 3 1
cloudtrail-enrichment-api-golang/services/auth_service.go:121.119,125.16 2 0
cloudtrail-enrichment-api-golang/services/auth_service.go:125.16,128.3 2 0
cloudtrail-enrichment-api-golang/services/auth_service.go:132.2,133.16 2 0
cloudtrail-enrichment-api-golang/services/auth_service.go:133.16,134.27 1 0
cloudtrail-enrichment-api-golang/services/auth_service.go:134.27,137.4 2 0
cloudtrail-enrichment-api-golang/services/auth_service.go:138.3,139.71 2 0
cloudtrail-enrichment-api-golang/services/auth_service.go:142.2,143.23 2 0
cloudtrail-enrichment-api-golang/services/enrichment_service.go:26.98,30.2 1 1
cloudtrail-enrichment-api-golang/services/enrichment_service.go:34.129,38.39 2 1
cloudtrail-enrichment-api-golang/services/enrichment_service.go:38.39,40.21 2 1
cloudtrail-enrichment-api-golang/services/enrichment_service.go:40.21,42.12 2 0
cloudtrail-enrichment-api-golang/services/enrichment_service.go:44.3,47.17 3 1
cloudtrail-enrichment-api-golang/services/enrichment_service.go:47.17,52.4 2 0
cloudtrail-enrichment-api-golang/services/enrichment_service.go:53.3,60.17 3 1
cloudtrail-enrichment-api-golang/services/enrichment_service.go:60.17,63.4 2 0
cloudtrail-enrichment-api-golang/services/enrichment_service.go:64.3,85.64 3 1
cloudtrail-enrichment-api-golang/services/enrichment_service.go:85.64,88.4 2 1
cloudtrail-enrichment-api-golang/services/enrichment_service.go:90.3,92.110 2 1
cloudtrail-enrichment-api-golang/services/enrichment_service.go:95.2,95.29 1 1
cloudtrail-enrichment-api-golang/services/enrichment_service.go:109.113,112.16 2 1
cloudtrail-enrichment-api-golang/services/enrichment_service.go:112.16,115.3 2 1
cloudtrail-enrichment-api-golang/services/enrichment_service.go:116.2,117.21 2 1
cloudtrail-enrichment-api-golang/services/enrichment_service.go:121.50,125.16 3 1
cloudtrail-enrichment-api-golang/services/enrichment_service.go:125.16,127.3 1 0
cloudtrail-enrichment-api-golang/services/enrichment_service.go:128.2,130.38 2 1
cloudtrail-enrichment-api-golang/services/enrichment_service.go:130.38,132.3 1 0
cloudtrail-enrichment-api-golang/services/enrichment_service.go:134.2,135.16 2 1
cloudtrail-enrichment-api-golang/services/enrichment_service.go:135.16,137.3 1 0
cloudtrail-enrichment-api-golang/services/enrichment_service.go:139.2,141.16 3 1
cloudtrail-enrichment-api-golang/services/enrichment_service.go:141.16,143.3 1 0
cloudtrail-enrichment-api-golang/services/enrichment_service.go:145.2,145.32 1 1
cloudtrail-enrichment-api-golang/services/enrichment_service.go:145.32,148.27 2 0
cloudtrail-enrichment-api-golang/services/enrichment_service.go:148.27,150.4 1 0
cloudtrail-enrichment-api-golang/services/enrichment_service.go:151.3,151.32 1 0
cloudtrail-enrichment-api-golang/services/enrichment_service.go:154.2,154.28 1 1
cloudtrail-enrichment-api-golang/services/enrichment_service.go:158.59,161.16 3 1
cloudtrail-enrichment-api-golang/services/enrichment_service.go:161.16,163.3 1 0
cloudtrail-enrichment-api-golang/services/enrichment_service.go:164.2,166.38 2 1
cloudtrail-enrichment-api-golang/services/enrichment_service.go:166.38,168.45 1 0
cloudtrail-enrichment-api-golang/services/enrichment_service.go:168.45,170.4 1 0
cloudtrail-enrichment-api-golang/services/enrichment_service.go:171.3,171.86 1 0
cloudtrail-enrichment-api-golang/services/enrichment_service.go:174.2,175.16 2 1
cloudtrail-enrichment-api-golang/services/enrichment_service.go:175.16,177.3 1 0
cloudtrail-enrichment-api-golang/services/enrichment_service.go:179.2,181.16 3 1
cloudtrail-enrichment-api-golang/services/enrichment_service.go:181.16,183.3 1 0
cloudtrail-enrichment-api-golang/services/enrichment_service.go:185.2,185.57 1 1
cloudtrail-enrichment-api-golang/services/enrichment_service.go:185.57,187.3 1 1
cloudtrail-enrichment-api-golang/services/enrichment_service.go:189.2,189.108 1 0
cloudtrail-enrichment-api-golang/database/mongo/mongo.go:24.54,26.46 2 1
cloudtrail-enrichment-api-golang/database/mongo/mongo.go:26.46,32.3 1 1
cloudtrail-enrichment-api-golang/database/mongo/mongo.go:32.8,35.3 1 1
cloudtrail-enrichment-api-golang/database/mongo/mongo.go:36.2,37.17 2 1
cloudtrail-enrichment-api-golang/database/mongo/mongo.go:88.84,96.16 6 1
cloudtrail-enrichment-api-golang/database/mongo/mongo.go:96.16,99.3 2 0
cloudtrail-enrichment-api-golang/database/mongo/mongo.go:102.2,103.16 2 1
cloudtrail-enrichment-api-golang/database/mongo/mongo.go:103.16,106.85 2 1
cloudtrail-enrichment-api-golang/database/mongo/mongo.go:106.85,108.4 1 0
cloudtrail-enrichment-api-golang/database/mongo/mongo.go:109.3,109.67 1 1
cloudtrail-enrichment-api-golang/database/mongo/mongo.go:112.2,113.20 2 0
cloudtrail-enrichment-api-golang/database/mongo/mongo.go:126.111,136.2 3 1
cloudtrail-enrichment-api-golang/database/mongo/mongo.go:139.109,144.16 4 1
cloudtrail-enrichment-api-golang/database/mongo/mongo.go:144.16,147.3 2 1
cloudtrail-enrichment-api-golang/database/mongo/mongo.go:148.2,149.12 2 1
cloudtrail-enrichment-api-golang/database/mongo/mongo.go:153.111,163.16 8 1
cloudtrail-enrichment-api-golang/database/mongo/mongo.go:163.16,166.3 2 1
cloudtrail-enrichment-api-golang/database/mongo/mongo.go:167.2,169.23 2 1
cloudtrail-enrichment-api-golang/database/mongo/mongo.go:169.23,171.47 2 1
cloudtrail-enrichment-api-golang/database/mongo/mongo.go:171.47,174.4 2 1
cloudtrail-enrichment-api-golang/database/mongo/mongo.go:175.3,175.34 1 1
cloudtrail-enrichment-api-golang/database/mongo/mongo.go:178.2,178.37 1 1
cloudtrail-enrichment-api-golang/database/mongo/mongo.go:178.37,181.3 2 0
cloudtrail-enrichment-api-golang/database/mongo/mongo.go:183.2,184.20 2 1
cloudtrail-enrichment-api-golang/internal/config/config.go:21.36,31.31 3 0
cloudtrail-enrichment-api-golang/internal/config/config.go:32.15,35.17 2 0
cloudtrail-enrichment-api-golang/internal/config/config.go:35.17,38.4 2 0
cloudtrail-enrichment-api-golang/internal/config/config.go:39.3,39.54 1 0
cloudtrail-enrichment-api-golang/internal/config/config.go:39.54,42.4 2 0
cloudtrail-enrichment-api-golang/internal/config/config.go:43.22,86.81 34 0
cloudtrail-enrichment-api-golang/internal/config/config.go:154.2,158.24 3 0
cloudtrail-enrichment-api-golang/internal/config/config.go:163.37,165.2 1 0
cloudtrail-enrichment-api-golang/internal/config/config.go:167.41,169.2 1 0
cloudtrail-enrichment-api-golang/internal/config/config.go:171.39,173.2 1 0
cloudtrail-enrichment-api-golang/internal/config/config.go:175.33,177.2 1 0
